[2025-02-19 16:02:04:896] INFO  20252 --- [kground-preinit] o.h.validator.internal.util.Version      : HV000001: Hibernate Validator 8.0.2.Final
[2025-02-19 16:02:04:952] INFO  20252 --- [    Test worker] c.s.b.common.config.JasyptConfigTest     : Starting JasyptConfigTest using Java 17 with PID 20252 (started by Seowon in C:\dev\workspace\spring-api-project)
[2025-02-19 16:02:04:954] DEBUG 20252 --- [    Test worker] c.s.b.common.config.JasyptConfigTest     : Running with Spring Boot v3.4.1, Spring v6.2.1
[2025-02-19 16:02:04:955] INFO  20252 --- [    Test worker] c.s.b.common.config.JasyptConfigTest     : The following 1 profile is active: "test"
[2025-02-19 16:02:05:1771] INFO  20252 --- [    Test worker] .s.d.r.c.RepositoryConfigurationDelegate : Bootstrapping Spring Data JPA repositories in DEFAULT mode.
[2025-02-19 16:02:05:1855] INFO  20252 --- [    Test worker] .s.d.r.c.RepositoryConfigurationDelegate : Finished Spring Data repository scanning in 75 ms. Found 5 JPA repository interfaces.
[2025-02-19 16:02:05:2598] INFO  20252 --- [    Test worker] ptablePropertiesBeanFactoryPostProcessor : Post-processing PropertySource instances
[2025-02-19 16:02:05:2599] INFO  20252 --- [    Test worker] c.u.j.EncryptablePropertySourceConverter : Skipping PropertySource configurationProperties [class org.springframework.boot.context.properties.source.ConfigurationPropertySourcesPropertySource
[2025-02-19 16:02:05:2601] INFO  20252 --- [    Test worker] c.u.j.EncryptablePropertySourceConverter : Converting PropertySource test [org.springframework.core.env.MapPropertySource] to EncryptableMapPropertySourceWrapper
[2025-02-19 16:02:05:2601] INFO  20252 --- [    Test worker] c.u.j.EncryptablePropertySourceConverter : Converting PropertySource Inlined Test Properties [org.springframework.core.env.MapPropertySource] to EncryptableMapPropertySourceWrapper
[2025-02-19 16:02:05:2602] INFO  20252 --- [    Test worker] c.u.j.EncryptablePropertySourceConverter : Skipping PropertySource servletConfigInitParams [class org.springframework.core.env.PropertySource$StubPropertySource
[2025-02-19 16:02:05:2602] INFO  20252 --- [    Test worker] c.u.j.EncryptablePropertySourceConverter : Converting PropertySource servletContextInitParams [org.springframework.web.context.support.ServletContextPropertySource] to EncryptableEnumerablePropertySourceWrapper
[2025-02-19 16:02:05:2602] INFO  20252 --- [    Test worker] c.u.j.EncryptablePropertySourceConverter : Converting PropertySource systemProperties [org.springframework.core.env.PropertiesPropertySource] to EncryptableMapPropertySourceWrapper
[2025-02-19 16:02:05:2603] INFO  20252 --- [    Test worker] c.u.j.EncryptablePropertySourceConverter : Converting PropertySource systemEnvironment [org.springframework.boot.env.SystemEnvironmentPropertySourceEnvironmentPostProcessor$OriginAwareSystemEnvironmentPropertySource] to EncryptableSystemEnvironmentPropertySourceWrapper
[2025-02-19 16:02:05:2603] INFO  20252 --- [    Test worker] c.u.j.EncryptablePropertySourceConverter : Converting PropertySource random [org.springframework.boot.env.RandomValuePropertySource] to EncryptablePropertySourceWrapper
[2025-02-19 16:02:05:2603] INFO  20252 --- [    Test worker] c.u.j.EncryptablePropertySourceConverter : Converting PropertySource Config resource 'class path resource [application-test.yml]' via location 'optional:classpath:/' [org.springframework.boot.env.OriginTrackedMapPropertySource] to EncryptableMapPropertySourceWrapper
[2025-02-19 16:02:05:2603] INFO  20252 --- [    Test worker] c.u.j.EncryptablePropertySourceConverter : Converting PropertySource Config resource 'class path resource [application.yml]' via location 'optional:classpath:/' [org.springframework.boot.env.OriginTrackedMapPropertySource] to EncryptableMapPropertySourceWrapper
[2025-02-19 16:02:05:2604] INFO  20252 --- [    Test worker] c.u.j.EncryptablePropertySourceConverter : Converting PropertySource applicationInfo [org.springframework.boot.ApplicationInfoPropertySource] to EncryptableMapPropertySourceWrapper
[2025-02-19 16:02:06:2655] INFO  20252 --- [    Test worker] c.u.j.f.DefaultLazyPropertyFilter        : Property Filter custom Bean not found with name 'encryptablePropertyFilter'. Initializing Default Property Filter
[2025-02-19 16:02:06:2665] INFO  20252 --- [    Test worker] c.u.j.r.DefaultLazyPropertyResolver      : Property Resolver custom Bean not found with name 'encryptablePropertyResolver'. Initializing Default Property Resolver
[2025-02-19 16:02:06:2667] INFO  20252 --- [    Test worker] c.u.j.d.DefaultLazyPropertyDetector      : Property Detector custom Bean not found with name 'encryptablePropertyDetector'. Initializing Default Property Detector
[2025-02-19 16:02:06:2736] WARN  20252 --- [    Test worker] trationDelegate$BeanPostProcessorChecker : Bean 'org.springframework.ws.config.annotation.DelegatingWsConfiguration' of type [org.springframework.ws.config.annotation.DelegatingWsConfiguration$$SpringCGLIB$$0] is not eligible for getting processed by all BeanPostProcessors (for example: not eligible for auto-proxying). The currently created BeanPostProcessor [annotationActionEndpointMapping] is declared through a non-static factory method on that class; consider declaring it as static instead.
[2025-02-19 16:02:06:2776] INFO  20252 --- [    Test worker] .w.s.a.s.AnnotationActionEndpointMapping : Supporting [WS-Addressing August 2004, WS-Addressing 1.0]
[2025-02-19 16:02:06:3185] INFO  20252 --- [    Test worker] o.h.jpa.internal.util.LogHelper          : HHH000204: Processing PersistenceUnitInfo [name: default]
[2025-02-19 16:02:06:3280] INFO  20252 --- [    Test worker] org.hibernate.Version                    : HHH000412: Hibernate ORM core version 6.6.4.Final
[2025-02-19 16:02:06:3325] INFO  20252 --- [    Test worker] o.h.c.i.RegionFactoryInitiator           : HHH000026: Second-level cache disabled
[2025-02-19 16:02:07:3725] INFO  20252 --- [    Test worker] o.s.o.j.p.SpringPersistenceUnitInfo      : No LoadTimeWeaver setup: ignoring JPA class transformer
[2025-02-19 16:02:07:3758] INFO  20252 --- [    Test worker] com.zaxxer.hikari.HikariDataSource       : HikariCP - Starting...
[2025-02-19 16:02:07:3865] INFO  20252 --- [    Test worker] com.zaxxer.hikari.pool.HikariPool        : HikariCP - Added connection conn0: url=jdbc:h2:tcp://localhost/~/test user=SA
[2025-02-19 16:02:07:3868] INFO  20252 --- [    Test worker] com.zaxxer.hikari.HikariDataSource       : HikariCP - Start completed.
[2025-02-19 16:02:07:3933] INFO  20252 --- [    Test worker] o.hibernate.orm.connections.pooling      : HHH10001005: Database info:
	Database JDBC URL [Connecting through datasource 'p6SpyDataSourceDecorator [com.p6spy.engine.spy.P6DataSource] -> dataSource [com.zaxxer.hikari.HikariDataSource]']
	Database driver: undefined/unknown
	Database version: 2.3.232
	Autocommit mode: undefined/unknown
	Isolation level: undefined/unknown
	Minimum pool size: undefined/unknown
	Maximum pool size: undefined/unknown
[2025-02-19 16:02:08:4973] INFO  20252 --- [    Test worker] o.h.e.t.j.p.i.JtaPlatformInitiator       : HHH000489: No JTA platform available (set 'hibernate.transaction.jta.platform' to enable JTA platform integration)
[2025-02-19 16:02:08:5001] INFO  20252 --- [    Test worker] p6spy                                    : #1739948528381 | took 3ms | statement | connection 1| url jdbc:h2:tcp://localhost/~/test
select * from INFORMATION_SCHEMA.SEQUENCES
select * from INFORMATION_SCHEMA.SEQUENCES;
[2025-02-19 16:02:08:5020] INFO  20252 --- [    Test worker] p6spy                                    : #1739948528400 | took 0ms | statement | connection 1| url jdbc:h2:tcp://localhost/~/test
select * from "TEST"."PUBLIC"."ZBOARD" where 1=0
select * from "TEST"."PUBLIC"."ZBOARD" where 1=0;
[2025-02-19 16:02:08:5025] INFO  20252 --- [    Test worker] p6spy                                    : #1739948528405 | took 0ms | statement | connection 1| url jdbc:h2:tcp://localhost/~/test
select * from "TEST"."PUBLIC"."ZBOARD" where 1=0
select * from "TEST"."PUBLIC"."ZBOARD" where 1=0;
[2025-02-19 16:02:08:5028] INFO  20252 --- [    Test worker] j.LocalContainerEntityManagerFactoryBean : Initialized JPA EntityManagerFactory for persistence unit 'default'
[2025-02-19 16:02:08:5383] INFO  20252 --- [    Test worker] c.u.j.encryptor.DefaultLazyEncryptor     : Found Custom Encryptor Bean org.jasypt.encryption.pbe.PooledPBEStringEncryptor@47b5c247 with name: jasyptStringEncryptor
[2025-02-19 16:02:09:6071] INFO  20252 --- [    Test worker] r$InitializeUserDetailsManagerConfigurer : Global AuthenticationManager configured with UserDetailsService bean with name customUserDetailsService
[2025-02-19 16:02:10:6971] INFO  20252 --- [    Test worker] c.s.b.common.config.JasyptConfigTest     : Started JasyptConfigTest in 6.484 seconds (process running for 7.853)
[2025-02-19 16:02:10:7548] INFO  20252 --- [ionShutdownHook] j.LocalContainerEntityManagerFactoryBean : Closing JPA EntityManagerFactory for persistence unit 'default'
[2025-02-19 16:02:10:7549] INFO  20252 --- [ionShutdownHook] com.zaxxer.hikari.HikariDataSource       : HikariCP - Shutdown initiated...
[2025-02-19 16:02:10:7556] INFO  20252 --- [ionShutdownHook] com.zaxxer.hikari.HikariDataSource       : HikariCP - Shutdown completed.
